<?xml version="1.0" encoding="UTF-8"?>
<!-- Generated by org.testng.reporters.JUnitReportReporter -->
<testsuite hostname="Hassan-k" failures="0" tests="4" name="testCases.TestCases" time="7.126" errors="0" timestamp="2023-04-15T00:26:44 EDT" skipped="0">
  <testcase classname="testCases.TestCases" name="logoutTest" time="1.036"/>
  <system-out/>
  <testcase classname="testCases.TestCases" name="searchTest" time="1.002"/>
  <system-out/>
  <testcase classname="testCases.TestCases" name="loginTest" time="2.071"/>
  <system-out/>
  <testcase classname="testCases.TestCases" name="registrationTest" time="3.017"/>
  <system-out/>
</testsuite> <!-- testCases.TestCases -->
